<?xml version="1.0" encoding="UTF-8"?>
<!-- Generated by org.testng.reporters.JUnitReportReporter -->
<testsuite hostname="LAPTOP-SIEG4V5D" failures="0" tests="1" name="testCases.TC005_AddToCartPageTest" time="1.512" errors="0" timestamp="2025-08-11T13:16:51 IST" skipped="0">
  <testcase classname="testCases.TC005_AddToCartPageTest" name="verify_addToCart" time="1.512"/>
</testsuite> <!-- testCases.TC005_AddToCartPageTest -->
