<?xml version="1.0" encoding="UTF-8"?>
<!-- Generated by org.testng.reporters.JUnitReportReporter -->
<testsuite hostname="LAPTOP-SIEG4V5D" failures="0" tests="1" name="testCases.TC004_SearchProductTest" time="0.459" errors="0" timestamp="2025-08-11T12:53:15 IST" skipped="0">
  <testcase classname="testCases.TC004_SearchProductTest" name="verify_pruductSearch" time="0.459"/>
</testsuite> <!-- testCases.TC004_SearchProductTest -->
