<?xml version="1.0" encoding="UTF-8"?>
<!-- Generated by org.testng.reporters.JUnitReportReporter -->
<testsuite hostname="LAPTOP-SIEG4V5D" failures="0" tests="1" name="testCases.TC001_AccountRegistrationTest" time="4.999" errors="0" timestamp="2025-08-11T07:20:13 IST" skipped="0">
  <testcase classname="testCases.TC001_AccountRegistrationTest" name="verify_account_registration" time="4.999"/>
</testsuite> <!-- testCases.TC001_AccountRegistrationTest -->
