<?xml version="1.0" encoding="UTF-8"?>
<!-- Generated by org.testng.reporters.JUnitReportReporter -->
<testsuite hostname="LAPTOP-SIEG4V5D" failures="0" tests="8" name="testCases.TC003_LoginDDT" time="65.163" errors="0" timestamp="2025-08-11T13:24:20 IST" skipped="0">
  <testcase classname="testCases.TC003_LoginDDT" name="Verify_loginDDT" time="3.383"/>
  <testcase classname="testCases.TC003_LoginDDT" name="Verify_loginDDT" time="11.229"/>
  <testcase classname="testCases.TC003_LoginDDT" name="Verify_loginDDT" time="2.143"/>
  <testcase classname="testCases.TC003_LoginDDT" name="Verify_loginDDT" time="11.734"/>
  <testcase classname="testCases.TC003_LoginDDT" name="Verify_loginDDT" time="11.148"/>
  <testcase classname="testCases.TC003_LoginDDT" name="Verify_loginDDT" time="2.464"/>
  <testcase classname="testCases.TC003_LoginDDT" name="Verify_loginDDT" time="11.351"/>
  <testcase classname="testCases.TC003_LoginDDT" name="Verify_loginDDT" time="11.711"/>
</testsuite> <!-- testCases.TC003_LoginDDT -->
