<?xml version="1.0" encoding="UTF-8"?>
<!-- Generated by org.testng.reporters.JUnitReportReporter -->
<testsuite hostname="LAPTOP-SIEG4V5D" failures="0" tests="1" name="testCases.TC002_LoginTest" time="1.629" errors="0" timestamp="2025-08-11T14:06:37 IST" skipped="0">
  <testcase classname="testCases.TC002_LoginTest" name="verify_login" time="1.629"/>
</testsuite> <!-- testCases.TC002_LoginTest -->
