<?xml version="1.0" encoding="UTF-8"?>
<!-- Generated by org.testng.reporters.JUnitReportReporter -->
<testsuite hostname="LAPTOP-SIEG4V5D" failures="0" tests="8" name="testCases.TC003_LoginDDT" time="65.190" errors="0" timestamp="2025-08-11T14:06:37 IST" skipped="0">
  <testcase classname="testCases.TC003_LoginDDT" name="Verify_loginDDT" time="11.464"/>
  <testcase classname="testCases.TC003_LoginDDT" name="Verify_loginDDT" time="11.794"/>
  <testcase classname="testCases.TC003_LoginDDT" name="Verify_loginDDT" time="1.721"/>
  <testcase classname="testCases.TC003_LoginDDT" name="Verify_loginDDT" time="12.106"/>
  <testcase classname="testCases.TC003_LoginDDT" name="Verify_loginDDT" time="11.274"/>
  <testcase classname="testCases.TC003_LoginDDT" name="Verify_loginDDT" time="11.152"/>
  <testcase classname="testCases.TC003_LoginDDT" name="Verify_loginDDT" time="3.966"/>
  <testcase classname="testCases.TC003_LoginDDT" name="Verify_loginDDT" time="1.713"/>
</testsuite> <!-- testCases.TC003_LoginDDT -->
