<?xml version="1.0" encoding="UTF-8"?>
<!-- Generated by org.testng.reporters.JUnitReportReporter -->
<testsuite hostname="LAPTOP-SIEG4V5D" failures="0" tests="1" name="testCases.TC006_EndToEndTest" time="19.806" errors="0" timestamp="2025-08-11T14:06:37 IST" skipped="0">
  <testcase classname="testCases.TC006_EndToEndTest" name="endToendTest" time="19.806"/>
</testsuite> <!-- testCases.TC006_EndToEndTest -->
